# JRE version: OpenJDK Runtime Environment Temurin-17.0.19+10 (17.0.19+10) (build 17.0.19+10)
# Java VM: OpenJDK 64-Bit Server VM Temurin-17.0.19+10 (17.0.19+10, mixed mode, sharing, tiered, compressed oops, compressed class ptrs, g1 gc, windows-amd64)
GC Precious Log:
 CPUs: 20 total, 20 available
 Memory: 16068M
 Large Page Support: Disabled
 NUMA Support: Disabled
 Compressed Oops: Enabled (Zero based)
 Heap Region Size: 2M
 Heap Min Capacity: 8M
 Heap Initial Capacity: 252M
 Heap Max Capacity: 4018M
 Pre-touch: Disabled
 Parallel Workers: 15
 Concurrent Workers: 4
 Concurrent Refinement Workers: 15
 Periodic GC: Disabled
Heap:
 garbage-first heap   total 278528K, used 184040K [0x0000000704e00000, 0x0000000800000000)
  region size 2048K, 12 young (24576K), 3 survivors (6144K)
 Metaspace       used 65211K, committed 65536K, reserved 1114112K
  class space    used 6811K, committed 6976K, reserved 1048576K
GC Heap History (20 events):
Event: 12.162 GC heap before
{Heap before GC invocations=36 (full 0):
 garbage-first heap   total 192512K, used 157803K [0x0000000704e00000, 0x0000000800000000)
  region size 2048K, 21 young (43008K), 3 survivors (6144K)
 Metaspace       used 59563K, committed 59904K, reserved 1114112K
  class space    used 6442K, committed 6592K, reserved 1048576K
}
Event: 12.167 GC heap after
{Heap after GC invocations=37 (full 0):
 garbage-first heap   total 192512K, used 124626K [0x0000000704e00000, 0x0000000800000000)
  region size 2048K, 2 young (4096K), 2 survivors (4096K)
 Metaspace       used 59563K, committed 59904K, reserved 1114112K
  class space    used 6442K, committed 6592K, reserved 1048576K
}
Event: 12.585 GC heap before
{Heap before GC invocations=37 (full 0):
 garbage-first heap   total 192512K, used 159442K [0x0000000704e00000, 0x0000000800000000)
  region size 2048K, 19 young (38912K), 2 survivors (4096K)
 Metaspace       used 59652K, committed 59968K, reserved 1114112K
  class space    used 6442K, committed 6592K, reserved 1048576K
}
Event: 12.589 GC heap after
{Heap after GC invocations=38 (full 0):
 garbage-first heap   total 192512K, used 127393K [0x0000000704e00000, 0x0000000800000000)
  region size 2048K, 2 young (4096K), 2 survivors (4096K)
 Metaspace       used 59652K, committed 59968K, reserved 1114112K
  class space    used 6442K, committed 6592K, reserved 1048576K
}
Event: 12.997 GC heap before
{Heap before GC invocations=38 (full 0):
 garbage-first heap   total 192512K, used 160161K [0x0000000704e00000, 0x0000000800000000)
  region size 2048K, 18 young (36864K), 2 survivors (4096K)
 Metaspace       used 59840K, committed 60160K, reserved 1114112K
  class space    used 6454K, committed 6592K, reserved 1048576K
}
Event: 13.003 GC heap after
{Heap after GC invocations=39 (full 0):
 garbage-first heap   total 231424K, used 130623K [0x0000000704e00000, 0x0000000800000000)
  region size 2048K, 3 young (6144K), 3 survivors (6144K)
 Metaspace       used 59840K, committed 60160K, reserved 1114112K
  class space    used 6454K, committed 6592K, reserved 1048576K
}
Event: 13.734 GC heap before
{Heap before GC invocations=39 (full 0):
 garbage-first heap   total 231424K, used 190015K [0x0000000704e00000, 0x0000000800000000)
  region size 2048K, 32 young (65536K), 3 survivors (6144K)
 Metaspace       used 60184K, committed 60480K, reserved 1114112K
  class space    used 6477K, committed 6592K, reserved 1048576K
}
Event: 13.739 GC heap after
{Heap after GC invocations=40 (full 0):
 garbage-first heap   total 231424K, used 135708K [0x0000000704e00000, 0x0000000800000000)
  region size 2048K, 4 young (8192K), 4 survivors (8192K)
 Metaspace       used 60184K, committed 60480K, reserved 1114112K
  class space    used 6477K, committed 6592K, reserved 1048576K
}
Event: 15.507 GC heap before
{Heap before GC invocations=40 (full 0):
 garbage-first heap   total 231424K, used 188956K [0x0000000704e00000, 0x0000000800000000)
  region size 2048K, 30 young (61440K), 4 survivors (8192K)
 Metaspace       used 64182K, committed 64512K, reserved 1114112K
  class space    used 6754K, committed 6912K, reserved 1048576K
}
Event: 15.513 GC heap after
{Heap after GC invocations=41 (full 0):
 garbage-first heap   total 231424K, used 137868K [0x0000000704e00000, 0x0000000800000000)
  region size 2048K, 1 young (2048K), 1 survivors (2048K)
 Metaspace       used 64182K, committed 64512K, reserved 1114112K
  class space    used 6754K, committed 6912K, reserved 1048576K
}
Event: 16.699 GC heap before
{Heap before GC invocations=41 (full 0):
 garbage-first heap   total 231424K, used 191116K [0x0000000704e00000, 0x0000000800000000)
  region size 2048K, 27 young (55296K), 1 survivors (2048K)
 Metaspace       used 64492K, committed 64832K, reserved 1114112K
  class space    used 6769K, committed 6912K, reserved 1048576K
}
Event: 16.704 GC heap after
{Heap after GC invocations=42 (full 0):
 garbage-first heap   total 231424K, used 137868K [0x0000000704e00000, 0x0000000800000000)
  region size 2048K, 1 young (2048K), 1 survivors (2048K)
 Metaspace       used 64492K, committed 64832K, reserved 1114112K
  class space    used 6769K, committed 6912K, reserved 1048576K
}
Event: 17.186 GC heap before
{Heap before GC invocations=42 (full 0):
 garbage-first heap   total 231424K, used 193164K [0x0000000704e00000, 0x0000000800000000)
  region size 2048K, 28 young (57344K), 1 survivors (2048K)
 Metaspace       used 64936K, committed 65280K, reserved 1114112K
  class space    used 6804K, committed 6976K, reserved 1048576K
}
Event: 17.199 GC heap after
{Heap after GC invocations=43 (full 0):
 garbage-first heap   total 231424K, used 147589K [0x0000000704e00000, 0x0000000800000000)
  region size 2048K, 4 young (8192K), 4 survivors (8192K)
 Metaspace       used 64936K, committed 65280K, reserved 1114112K
  class space    used 6804K, committed 6976K, reserved 1048576K
}
Event: 17.529 GC heap before
{Heap before GC invocations=43 (full 0):
 garbage-first heap   total 231424K, used 190597K [0x0000000704e00000, 0x0000000800000000)
  region size 2048K, 25 young (51200K), 4 survivors (8192K)
 Metaspace       used 65068K, committed 65408K, reserved 1114112K
  class space    used 6810K, committed 6976K, reserved 1048576K
}
Event: 17.538 GC heap after
{Heap after GC invocations=44 (full 0):
 garbage-first heap   total 231424K, used 155930K [0x0000000704e00000, 0x0000000800000000)
  region size 2048K, 4 young (8192K), 4 survivors (8192K)
 Metaspace       used 65068K, committed 65408K, reserved 1114112K
  class space    used 6810K, committed 6976K, reserved 1048576K
}
Event: 17.762 GC heap before
{Heap before GC invocations=44 (full 0):
 garbage-first heap   total 231424K, used 190746K [0x0000000704e00000, 0x0000000800000000)
  region size 2048K, 21 young (43008K), 4 survivors (8192K)
 Metaspace       used 65154K, committed 65536K, reserved 1114112K
  class space    used 6810K, committed 6976K, reserved 1048576K
}
Event: 17.768 GC heap after
{Heap after GC invocations=45 (full 0):
 garbage-first heap   total 231424K, used 161690K [0x0000000704e00000, 0x0000000800000000)
  region size 2048K, 3 young (6144K), 3 survivors (6144K)
 Metaspace       used 65154K, committed 65536K, reserved 1114112K
  class space    used 6810K, committed 6976K, reserved 1048576K
}
Event: 17.898 GC heap before
{Heap before GC invocations=45 (full 0):
 garbage-first heap   total 231424K, used 192410K [0x0000000704e00000, 0x0000000800000000)
  region size 2048K, 18 young (36864K), 3 survivors (6144K)
 Metaspace       used 65170K, committed 65536K, reserved 1114112K
  class space    used 6810K, committed 6976K, reserved 1048576K
}
Event: 17.903 GC heap after
{Heap after GC invocations=46 (full 0):
 garbage-first heap   total 278528K, used 167656K [0x0000000704e00000, 0x0000000800000000)
  region size 2048K, 3 young (6144K), 3 survivors (6144K)
 Metaspace       used 65170K, committed 65536K, reserved 1114112K
  class space    used 6810K, committed 6976K, reserved 1048576K
}

